<?xml version="1.0" encoding="UTF-8" ?>
<testsuite tests="10" failures="10" name="db.DBUtilsTest" time="0.535" errors="0" skipped="0">
  <properties>
[...]
</properties>
  <testcase classname="db.DBUtilsTest" name="db.DBUtilsTest.testAddUser" time="0.461">
    <failure type="java.lang.NullPointerException">java.lang.NullPointerException
	at db.DBUtils.addUser(DBUtils.java:58)
	at db.DBUtilsTest.testAddUser(DBUtilsTest.java:63)
</failure>
    <system-out>addUser
</system-out>
  </testcase>
  <testcase classname="db.DBUtilsTest" name="db.DBUtilsTest.testGetUserType" time="0.036">
    <failure message="expected: &lt;&gt; but was: &lt;null&gt;" type="org.opentest4j.AssertionFailedError">org.opentest4j.AssertionFailedError: expected: &lt;&gt; but was: &lt;null&gt;
	at org.junit.jupiter.api.AssertionUtils.fail(AssertionUtils.java:55)
	at org.junit.jupiter.api.AssertionUtils.failNotEqual(AssertionUtils.java:62)
	at org.junit.jupiter.api.AssertEquals.assertEquals(AssertEquals.java:182)
	at org.junit.jupiter.api.AssertEquals.assertEquals(AssertEquals.java:177)
	at org.junit.jupiter.api.Assertions.assertEquals(Assertions.java:1124)
	at db.DBUtilsTest.testGetUserType(DBUtilsTest.java:95)
</failure>
    <system-out>getUserType
</system-out>
  </testcase>
  <testcase classname="db.DBUtilsTest" name="db.DBUtilsTest.testGetBookings" time="0.006">
    <failure message="expected: &lt;null&gt; but was: &lt;[db.Booking@2758fe70, db.Booking@1f36e637, db.Booking@578486a3, db.Booking@551aa95a, db.Booking@35d176f7, db.Booking@1dfe2924, db.Booking@6ebc05a6, db.Booking@6e6c3152, db.Booking@50b494a6, db.Booking@3cef309d, db.Booking@32709393, db.Booking@3d99d22e, db.Booking@49fc609f, db.Booking@cd2dae5, db.Booking@3a883ce7]&gt;" type="org.opentest4j.AssertionFailedError">org.opentest4j.AssertionFailedError: expected: &lt;null&gt; but was: &lt;[db.Booking@2758fe70, db.Booking@1f36e637, db.Booking@578486a3, db.Booking@551aa95a, db.Booking@35d176f7, db.Booking@1dfe2924, db.Booking@6ebc05a6, db.Booking@6e6c3152, db.Booking@50b494a6, db.Booking@3cef309d, db.Booking@32709393, db.Booking@3d99d22e, db.Booking@49fc609f, db.Booking@cd2dae5, db.Booking@3a883ce7]&gt;
	at org.junit.jupiter.api.AssertionUtils.fail(AssertionUtils.java:55)
	at org.junit.jupiter.api.AssertionUtils.failNotEqual(AssertionUtils.java:62)
	at org.junit.jupiter.api.AssertEquals.assertEquals(AssertEquals.java:182)
	at org.junit.jupiter.api.AssertEquals.assertEquals(AssertEquals.java:177)
	at org.junit.jupiter.api.Assertions.assertEquals(Assertions.java:1124)
	at db.DBUtilsTest.testGetBookings(DBUtilsTest.java:109)
</failure>
    <system-out>getBookings
</system-out>
  </testcase>
  <testcase classname="db.DBUtilsTest" name="db.DBUtilsTest.testGetUsers" time="0.006">
    <failure message="expected: &lt;null&gt; but was: &lt;[db.User@57855c9a, db.User@3b084709, db.User@3224f60b, db.User@63e2203c, db.User@1efed156, db.User@6737fd8f, db.User@72b6cbcc, db.User@a7e666, db.User@68bbe345, db.User@30b8a058, db.User@7494e528, db.User@4bbfb90a, db.User@7c29daf3, db.User@9660f4e, db.User@5a8806ef]&gt;" type="org.opentest4j.AssertionFailedError">org.opentest4j.AssertionFailedError: expected: &lt;null&gt; but was: &lt;[db.User@57855c9a, db.User@3b084709, db.User@3224f60b, db.User@63e2203c, db.User@1efed156, db.User@6737fd8f, db.User@72b6cbcc, db.User@a7e666, db.User@68bbe345, db.User@30b8a058, db.User@7494e528, db.User@4bbfb90a, db.User@7c29daf3, db.User@9660f4e, db.User@5a8806ef]&gt;
	at org.junit.jupiter.api.AssertionUtils.fail(AssertionUtils.java:55)
	at org.junit.jupiter.api.AssertionUtils.failNotEqual(AssertionUtils.java:62)
	at org.junit.jupiter.api.AssertEquals.assertEquals(AssertEquals.java:182)
	at org.junit.jupiter.api.AssertEquals.assertEquals(AssertEquals.java:177)
	at org.junit.jupiter.api.Assertions.assertEquals(Assertions.java:1124)
	at db.DBUtilsTest.testGetUsers(DBUtilsTest.java:49)
</failure>
    <system-out>getUsers
</system-out>
  </testcase>
  <testcase classname="db.DBUtilsTest" name="db.DBUtilsTest.testGetBills" time="0.006">
    <failure message="expected: &lt;null&gt; but was: &lt;[db.Bill@5d76b067, db.Bill@2a17b7b6, db.Bill@4f063c0a, db.Bill@1e6d1014, db.Bill@76707e36, db.Bill@614ddd49, db.Bill@1f554b06, db.Bill@694e1548, db.Bill@1c3a4799, db.Bill@131276c2, db.Bill@26aa12dd, db.Bill@3fd7a715, db.Bill@711f39f9, db.Bill@71bbf57e, db.Bill@7f13d6e, db.Bill@51cdd8a, db.Bill@d44fc21, db.Bill@23faf8f2, db.Bill@2d6eabae, db.Bill@4e7dc304, db.Bill@64729b1e]&gt;" type="org.opentest4j.AssertionFailedError">org.opentest4j.AssertionFailedError: expected: &lt;null&gt; but was: &lt;[db.Bill@5d76b067, db.Bill@2a17b7b6, db.Bill@4f063c0a, db.Bill@1e6d1014, db.Bill@76707e36, db.Bill@614ddd49, db.Bill@1f554b06, db.Bill@694e1548, db.Bill@1c3a4799, db.Bill@131276c2, db.Bill@26aa12dd, db.Bill@3fd7a715, db.Bill@711f39f9, db.Bill@71bbf57e, db.Bill@7f13d6e, db.Bill@51cdd8a, db.Bill@d44fc21, db.Bill@23faf8f2, db.Bill@2d6eabae, db.Bill@4e7dc304, db.Bill@64729b1e]&gt;
	at org.junit.jupiter.api.AssertionUtils.fail(AssertionUtils.java:55)
	at org.junit.jupiter.api.AssertionUtils.failNotEqual(AssertionUtils.java:62)
	at org.junit.jupiter.api.AssertEquals.assertEquals(AssertEquals.java:182)
	at org.junit.jupiter.api.AssertEquals.assertEquals(AssertEquals.java:177)
	at org.junit.jupiter.api.Assertions.assertEquals(Assertions.java:1124)
	at db.DBUtilsTest.testGetBills(DBUtilsTest.java:138)
</failure>
    <system-out>getBills
</system-out>
  </testcase>
  <testcase classname="db.DBUtilsTest" name="db.DBUtilsTest.testAddBill" time="0.003">
    <failure type="java.lang.NullPointerException">java.lang.NullPointerException
	at db.DBUtils.addBill(DBUtils.java:190)
	at db.DBUtilsTest.testAddBill(DBUtilsTest.java:152)
</failure>
    <system-out>addBill
</system-out>
  </testcase>
  <testcase classname="db.DBUtilsTest" name="db.DBUtilsTest.testAddBooking" time="0.004">
    <failure type="java.lang.NullPointerException">java.lang.NullPointerException
	at db.DBUtils.addBooking(DBUtils.java:147)
	at db.DBUtilsTest.testAddBooking(DBUtilsTest.java:123)
</failure>
    <system-out>addBooking
</system-out>
  </testcase>
  <testcase classname="db.DBUtilsTest" name="db.DBUtilsTest.testGetVehicles" time="0.006">
    <failure message="expected: &lt;null&gt; but was: &lt;[db.Vehicle@1d29cf23, db.Vehicle@5f282abb, db.Vehicle@167fdd33, db.Vehicle@1e965684, db.Vehicle@4d95d2a2, db.Vehicle@53f65459, db.Vehicle@3b088d51, db.Vehicle@1786dec2]&gt;" type="org.opentest4j.AssertionFailedError">org.opentest4j.AssertionFailedError: expected: &lt;null&gt; but was: &lt;[db.Vehicle@1d29cf23, db.Vehicle@5f282abb, db.Vehicle@167fdd33, db.Vehicle@1e965684, db.Vehicle@4d95d2a2, db.Vehicle@53f65459, db.Vehicle@3b088d51, db.Vehicle@1786dec2]&gt;
	at org.junit.jupiter.api.AssertionUtils.fail(AssertionUtils.java:55)
	at org.junit.jupiter.api.AssertionUtils.failNotEqual(AssertionUtils.java:62)
	at org.junit.jupiter.api.AssertEquals.assertEquals(AssertEquals.java:182)
	at org.junit.jupiter.api.AssertEquals.assertEquals(AssertEquals.java:177)
	at org.junit.jupiter.api.Assertions.assertEquals(Assertions.java:1124)
	at db.DBUtilsTest.testGetVehicles(DBUtilsTest.java:167)
</failure>
    <system-out>getVehicles
</system-out>
  </testcase>
  <testcase classname="db.DBUtilsTest" name="db.DBUtilsTest.testAddVehicle" time="0.003">
    <failure type="java.lang.NullPointerException">java.lang.NullPointerException
	at db.DBUtils.addVehicle(DBUtils.java:231)
	at db.DBUtilsTest.testAddVehicle(DBUtilsTest.java:181)
</failure>
    <system-out>addVehicle
</system-out>
  </testcase>
  <testcase classname="db.DBUtilsTest" name="db.DBUtilsTest.testValidateUserLogin" time="0.004">
    <failure message="The test case is a prototype." type="org.opentest4j.AssertionFailedError">org.opentest4j.AssertionFailedError: The test case is a prototype.
	at org.junit.jupiter.api.AssertionUtils.fail(AssertionUtils.java:39)
	at org.junit.jupiter.api.Assertions.fail(Assertions.java:109)
	at db.DBUtilsTest.testValidateUserLogin(DBUtilsTest.java:82)
</failure>
    <system-out>validateUserLogin
</system-out>
  </testcase>
</testsuite>